<?xml version="1.0" encoding="UTF-8"?>
<testng-results skipped="0" failed="0" ignored="0" total="1" passed="1">
  <reporter-output>
  </reporter-output>
  <suite name="Default suite" duration-ms="164" started-at="2020-01-26T14:16:56Z" finished-at="2020-01-26T14:16:57Z">
    <groups>
    </groups>
    <test name="Default test" duration-ms="164" started-at="2020-01-26T14:16:56Z" finished-at="2020-01-26T14:16:57Z">
      <class name="com.codebind.AppTest">
        <test-method status="PASS" signature="TestNGMaventest()[pri:0, instance:com.codebind.AppTest@1810399e]" name="TestNGMaventest" duration-ms="25" started-at="2020-01-26T14:16:57Z" finished-at="2020-01-26T14:16:57Z">
          <reporter-output>
          </reporter-output>
        </test-method> <!-- TestNGMaventest -->
      </class> <!-- com.codebind.AppTest -->
    </test> <!-- Default test -->
  </suite> <!-- Default suite -->
</testng-results>
